mobile/android-gestural-navigation/app/build/intermediates/manifest_merge_blame_file/debug/manifest-merger-blame-debug-report.txt
1<?xml version="1.0" encoding="utf-8"?>
2<!--
3  ~ Copyright 2020 Google Inc. All rights reserved.
4  ~
5  ~ Licensed under the Apache License, Version 2.0 (the "License");
6  ~ you may not use this file except in compliance with the License.
7  ~ You may obtain a copy of the License at
8  ~
9  ~     http://www.apache.org/licenses/LICENSE-2.0
10  ~
11  ~ Unless required by applicable law or agreed to in writing, software
12  ~ distributed under the License is distributed on an "AS IS" BASIS,
13  ~ WITHOUT WARRANTIES OR CONDITIONS OF ANY KIND, either express or implied.
14  ~ See the License for the specific language governing permissions and
15  ~ limitations under the License.
16-->
17<manifest xmlns:android="http://schemas.android.com/apk/res/android"
18    xmlns:dist="http://schemas.android.com/apk/distribution"
19    package="com.example.android.uamp.next"
20    android:versionCode="1"
21    android:versionName="1.0" >
22
23    <uses-sdk
24        android:minSdkVersion="21"
24-->src\main\AndroidManifest.xml
25        android:targetSdkVersion="29" />
25-->src\main\AndroidManifest.xml
26
27    <uses-permission android:name="android.permission.FOREGROUND_SERVICE" />
27-->[:common] AndroidManifest.xml:26:5-77
27-->[:common] AndroidManifest.xml:26:22-74
28    <uses-permission android:name="android.permission.INTERNET" />
28-->[:common] AndroidManifest.xml:27:5-67
28-->[:common] AndroidManifest.xml:27:22-64
29    <uses-permission android:name="android.permission.ACCESS_NETWORK_STATE" />
29-->[com.google.android.exoplayer:exoplayer-core:2.10.0] AndroidManifest.xml:24:5-79
29-->[com.google.android.exoplayer:exoplayer-core:2.10.0] AndroidManifest.xml:24:22-76
30
31    <application
31-->src\main\AndroidManifest.xml:22:5-90:19
32        android:allowBackup="true"
32-->src\main\AndroidManifest.xml:23:9-35
33        android:appComponentFactory="androidx.core.app.CoreComponentFactory"
33-->[androidx.core:core:1.3.0-alpha02] AndroidManifest.xml:24:18-86
34        android:debuggable="true"
35        android:icon="@mipmap/ic_launcher"
35-->src\main\AndroidManifest.xml:24:9-43
36        android:label="@string/app_name"
36-->src\main\AndroidManifest.xml:25:9-41
37        android:roundIcon="@mipmap/ic_launcher_round"
37-->src\main\AndroidManifest.xml:26:9-54
38        android:supportsRtl="true"
38-->src\main\AndroidManifest.xml:27:9-35
39        android:targetSandboxVersion="2"
39-->src\main\AndroidManifest.xml:28:9-41
40        android:testOnly="true"
41        android:theme="@style/AppTheme" >
41-->src\main\AndroidManifest.xml:29:9-40
42
43        <!-- Enable instant app support -->
44        <dist:module dist:instant="true" />
44-->src\main\AndroidManifest.xml:32:9-44
44-->src\main\AndroidManifest.xml:32:22-41
45
46        <!-- Declare that UAMP supports Android Auto. -->
47        <meta-data
47-->src\main\AndroidManifest.xml:35:9-37:59
48            android:name="com.google.android.gms.car.application"
48-->src\main\AndroidManifest.xml:36:13-66
49            android:resource="@xml/automotive_app_desc" />
49-->src\main\AndroidManifest.xml:37:13-56
50
51        <activity android:name="com.example.android.uamp.MainActivity" >
51-->src\main\AndroidManifest.xml:39:9-70:20
51-->src\main\AndroidManifest.xml:39:19-47
52            <intent-filter>
52-->src\main\AndroidManifest.xml:40:13-43:29
53                <action android:name="android.intent.action.MAIN" />
53-->src\main\AndroidManifest.xml:41:17-69
53-->src\main\AndroidManifest.xml:41:25-66
54
55                <category android:name="android.intent.category.LAUNCHER" />
55-->src\main\AndroidManifest.xml:42:17-77
55-->src\main\AndroidManifest.xml:42:27-74
56            </intent-filter>
57
58            <!-- App links for http -->
59            <intent-filter>
59-->src\main\AndroidManifest.xml:46:13-56:29
60                <action android:name="android.intent.action.VIEW" />
60-->src\main\AndroidManifest.xml:47:17-69
60-->src\main\AndroidManifest.xml:47:25-66
61
62                <category android:name="android.intent.category.DEFAULT" />
62-->src\main\AndroidManifest.xml:49:17-76
62-->src\main\AndroidManifest.xml:49:27-73
63                <category android:name="android.intent.category.BROWSABLE" />
63-->src\main\AndroidManifest.xml:50:17-78
63-->src\main\AndroidManifest.xml:50:27-75
64
65                <data
65-->src\main\AndroidManifest.xml:52:17-55:45
66                    android:host="example.android.com"
66-->src\main\AndroidManifest.xml:53:21-55
67                    android:pathPattern="/uamp"
67-->src\main\AndroidManifest.xml:54:21-48
68                    android:scheme="http" />
68-->src\main\AndroidManifest.xml:55:21-42
69            </intent-filter>
70
71            <!-- App links for https -->
72            <intent-filter>
72-->src\main\AndroidManifest.xml:59:13-69:29
73                <action android:name="android.intent.action.VIEW" />
73-->src\main\AndroidManifest.xml:47:17-69
73-->src\main\AndroidManifest.xml:47:25-66
74
75                <category android:name="android.intent.category.DEFAULT" />
75-->src\main\AndroidManifest.xml:49:17-76
75-->src\main\AndroidManifest.xml:49:27-73
76                <category android:name="android.intent.category.BROWSABLE" />
76-->src\main\AndroidManifest.xml:50:17-78
76-->src\main\AndroidManifest.xml:50:27-75
77
78                <data
78-->src\main\AndroidManifest.xml:52:17-55:45
79                    android:host="example.android.com"
79-->src\main\AndroidManifest.xml:53:21-55
80                    android:pathPattern="/uamp"
80-->src\main\AndroidManifest.xml:54:21-48
81                    android:scheme="https" />
81-->src\main\AndroidManifest.xml:55:21-42
82            </intent-filter>
83        </activity>
84
85        <!--
86        Declare the common MediaBrowserService for use in the mobile app, including
87        with the Android Auto app.
88        -->
89        <service
89-->src\main\AndroidManifest.xml:76:9-88:19
90            android:name="com.example.android.uamp.media.MusicService"
90-->src\main\AndroidManifest.xml:77:13-47
91            android:enabled="true"
91-->src\main\AndroidManifest.xml:78:13-35
92            android:exported="true" >
92-->src\main\AndroidManifest.xml:79:13-36
93            <intent-filter>
93-->src\main\AndroidManifest.xml:82:13-84:29
94                <action android:name="android.media.browse.MediaBrowserService" />
94-->src\main\AndroidManifest.xml:83:17-83
94-->src\main\AndroidManifest.xml:83:25-80
95            </intent-filter>
96            <intent-filter>
96-->src\main\AndroidManifest.xml:85:13-87:29
97                <action android:name="android.media.action.MEDIA_PLAY_FROM_SEARCH" />
97-->src\main\AndroidManifest.xml:86:17-85
97-->src\main\AndroidManifest.xml:86:25-83
98            </intent-filter>
99        </service>
100
101        <!--
102             MediaSession, prior to API 21, uses a broadcast receiver to communicate with a
103             media session. It does not have to be this broadcast receiver, but it must
104             handle the action "android.intent.action.MEDIA_BUTTON".
105
106             Additionally, this is used to resume the service from an inactive state upon
107             receiving a media button event (such as "play").
108        -->
109        <receiver android:name="androidx.media.session.MediaButtonReceiver" >
109-->[:common] AndroidManifest.xml:39:9-43:20
109-->[:common] AndroidManifest.xml:39:19-76
110            <intent-filter>
110-->[:common] AndroidManifest.xml:40:13-42:29
111                <action android:name="android.intent.action.MEDIA_BUTTON" />
111-->[:common] AndroidManifest.xml:41:17-77
111-->[:common] AndroidManifest.xml:41:25-74
112            </intent-filter>
113        </receiver>
114
115        <provider
115-->[:common] AndroidManifest.xml:45:9-48:39
116            android:name="com.example.android.uamp.media.library.AlbumArtContentProvider"
116-->[:common] AndroidManifest.xml:46:13-90
117            android:authorities="com.example.android.uamp.media.library.provider"
117-->[:common] AndroidManifest.xml:47:13-82
118            android:exported="true" />
118-->[:common] AndroidManifest.xml:48:13-36
119        <provider
119-->[androidx.lifecycle:lifecycle-process:2.0.0] AndroidManifest.xml:23:9-27:43
120            android:name="androidx.lifecycle.ProcessLifecycleOwnerInitializer"
120-->[androidx.lifecycle:lifecycle-process:2.0.0] AndroidManifest.xml:24:13-79
121            android:authorities="com.example.android.uamp.next.lifecycle-process"
121-->[androidx.lifecycle:lifecycle-process:2.0.0] AndroidManifest.xml:25:13-69
122            android:exported="false"
122-->[androidx.lifecycle:lifecycle-process:2.0.0] AndroidManifest.xml:26:13-37
123            android:multiprocess="true" />
123-->[androidx.lifecycle:lifecycle-process:2.0.0] AndroidManifest.xml:27:13-40
124    </application>
125
126</manifest>